2021-03-08 03:01:49,475:WARNING:discord.client: PyNaCl is not installed, voice will NOT be supported
2021-03-08 03:01:49,476:DEBUG:discord.client: on_ready has successfully been registered as an event
2021-03-08 03:01:49,477:DEBUG:discord.client: on_message has successfully been registered as an event
2021-03-08 03:01:49,477:DEBUG:discord.client: on_member_update has successfully been registered as an event
2021-03-08 03:01:49,479:INFO:discord.client: logging in using static token
2021-03-08 03:01:49,648:DEBUG:discord.http: GET https://discord.com/api/v7/users/@me with None has returned 200
2021-03-08 03:01:49,650:DEBUG:discord.http: GET https://discord.com/api/v7/users/@me has received {'id': '818242638829715516', 'username': 'Charlie Bot', 'avatar': 'b0d876da08aab5cab18579d93cb621d7', 'discriminator': '5225', 'public_flags': 0, 'flags': 0, 'bot': True, 'locale': 'en-US', 'mfa_enabled': False, 'email': None, 'verified': True}
2021-03-08 03:01:49,683:DEBUG:discord.http: GET https://discord.com/api/v7/gateway with None has returned 200
2021-03-08 03:01:49,684:DEBUG:discord.http: GET https://discord.com/api/v7/gateway has received {'url': 'wss://gateway.discord.gg'}
2021-03-08 03:01:49,792:DEBUG:discord.gateway: Created websocket connected to wss://gateway.discord.gg?encoding=json&v=6&compress=zlib-stream
2021-03-08 03:01:49,792:DEBUG:discord.client: Dispatching event socket_raw_receive
2021-03-08 03:01:49,793:DEBUG:discord.gateway: For Shard ID None: WebSocket Event: {'t': None, 's': None, 'op': 10, 'd': {'heartbeat_interval': 41250, '_trace': ['["gateway-prd-main-wft6",{"micros":0.0}]']}}
2021-03-08 03:01:49,793:DEBUG:discord.client: Dispatching event socket_response
2021-03-08 03:01:49,793:DEBUG:discord.client: Dispatching event socket_raw_send
2021-03-08 03:01:49,794:DEBUG:discord.client: Dispatching event socket_raw_send
2021-03-08 03:01:49,795:INFO:discord.gateway: Shard ID None has sent the IDENTIFY payload.
2021-03-08 03:01:49,854:DEBUG:discord.client: Dispatching event socket_raw_receive
2021-03-08 03:01:49,854:DEBUG:discord.gateway: For Shard ID None: WebSocket Event: {'t': None, 's': None, 'op': 11, 'd': None}
2021-03-08 03:01:49,854:DEBUG:discord.client: Dispatching event socket_response
2021-03-08 03:01:49,994:DEBUG:discord.client: Dispatching event socket_raw_receive
2021-03-08 03:01:49,994:DEBUG:discord.gateway: For Shard ID None: WebSocket Event: {'t': 'READY', 's': 1, 'op': 0, 'd': {'v': 6, 'user_settings': {}, 'user': {'verified': True, 'username': 'Charlie Bot', 'mfa_enabled': False, 'id': '818242638829715516', 'flags': 0, 'email': None, 'discriminator': '5225', 'bot': True, 'avatar': 'b0d876da08aab5cab18579d93cb621d7'}, 'session_id': 'fd1559a9f696fd3f1289f0f3b69d6dd6', 'relationships': [], 'private_channels': [], 'presences': [], 'guilds': [{'unavailable': True, 'id': '500444024725962765'}], 'guild_join_requests': [], 'geo_ordered_rtc_regions': ['us-central', 'us-south', 'us-east', 'us-west', 'europe'], 'application': {'id': '818242638829715516', 'flags': 40960}, '_trace': ['["gateway-prd-main-wft6",{"micros":151949,"calls":["discord-sessions-prd-2-74",{"micros":149845,"calls":["start_session",{"micros":102715,"calls":["api-prd-main-fl45",{"micros":98067,"calls":["get_user",{"micros":2515},"add_authorized_ip",{"micros":16377},"get_guilds",{"micros":27055},"coros_wait",{"micros":2}]}]},"guilds_connect",{"micros":2,"calls":[]},"presence_connect",{"micros":3924,"calls":[]}]}]}]']}}
2021-03-08 03:01:49,994:DEBUG:discord.client: Dispatching event socket_response
2021-03-08 03:01:49,995:INFO:discord.gateway: Shard ID None has connected to Gateway: ["gateway-prd-main-wft6",{"micros":151949,"calls":["discord-sessions-prd-2-74",{"micros":149845,"calls":["start_session",{"micros":102715,"calls":["api-prd-main-fl45",{"micros":98067,"calls":["get_user",{"micros":2515},"add_authorized_ip",{"micros":16377},"get_guilds",{"micros":27055},"coros_wait",{"micros":2}]}]},"guilds_connect",{"micros":2,"calls":[]},"presence_connect",{"micros":3924,"calls":[]}]}]}] (Session ID: fd1559a9f696fd3f1289f0f3b69d6dd6).
2021-03-08 03:01:50,060:DEBUG:discord.client: Dispatching event connect
2021-03-08 03:01:50,063:DEBUG:discord.client: Dispatching event socket_raw_receive
2021-03-08 03:01:50,065:DEBUG:discord.gateway: For Shard ID None: WebSocket Event: {'t': 'GUILD_CREATE', 's': 2, 'op': 0, 'd': {'description': None, 'channels': [{'type': 4, 'position': 0, 'permission_overwrites': [], 'name': 'Canais de texto', 'id': '500444025199788052'}, {'type': 0, 'topic': 'Welcome 💣', 'rate_limit_per_user': 0, 'position': 0, 'permission_overwrites': [], 'parent_id': '500444025199788052', 'nsfw': False, 'name': 'welcome', 'last_message_id': '818313268405862442', 'id': '500444025199788053'}, {'type': 4, 'position': 0, 'permission_overwrites': [], 'name': 'Canais de voz', 'id': '500444025199788054'}, {'user_limit': 0, 'type': 2, 'rtc_region': None, 'position': 0, 'permission_overwrites': [], 'parent_id': '500444025199788054', 'name': 'Geral', 'id': '500444025199788055', 'bitrate': 64000}, {'user_limit': 0, 'type': 2, 'rtc_region': None, 'position': 2, 'permission_overwrites': [], 'parent_id': '500444025199788054', 'name': "Don't Starve", 'id': '737397577900884079', 'bitrate': 64000}, {'user_limit': 0, 'type': 2, 'rtc_region': None, 'position': 1, 'permission_overwrites': [], 'parent_id': '500444025199788054', 'name': 'Call of Duty', 'id': '737397648331636787', 'bitrate': 64000}, {'type': 0, 'topic': None, 'rate_limit_per_user': 0, 'position': 1, 'permission_overwrites': [], 'parent_id': '500444025199788052', 'name': 'call-of-duty', 'last_message_id': None, 'id': '737397721375178912'}, {'type': 0, 'topic': None, 'rate_limit_per_user': 0, 'position': 2, 'permission_overwrites': [], 'parent_id': '500444025199788052', 'name': 'dont-starve', 'last_message_id': None, 'id': '737397750622060648'}], 'roles': [{'position': 0, 'permissions_new': '6546775617', 'permissions': 104324673, 'name': '@everyone', 'mentionable': False, 'managed': False, 'id': '500444024725962765', 'hoist': False, 'color': 0}, {'position': 2, 'permissions_new': '8589410303', 'permissions': 2146959359, 'name': 'owner', 'mentionable': True, 'managed': False, 'id': '737399313164009585', 'hoist': True, 'color': 10181046}, {'position': 1, 'permissions_new': '6546775617', 'permissions': 104324673, 'name': 'admin', 'mentionable': False, 'managed': False, 'id': '737401612858949653', 'hoist': False, 'color': 12745742}, {'tags': {'bot_id': '818242638829715516'}, 'position': 1, 'permissions_new': '8', 'permissions': 8, 'name': 'Charlie Bot', 'mentionable': False, 'managed': True, 'id': '818247389936746526', 'hoist': False, 'color': 0}], 'preferred_locale': 'en-US', 'features': [], 'joined_at': '2021-03-07T22:19:44.649373+00:00', 'public_updates_channel_id': None, 'application_id': None, 'icon': 'a1a648848dbc4706bd2d33761890fff4', 'member_count': 21, 'afk_channel_id': None, 'verification_level': 0, 'default_message_notifications': 0, 'members': [{'user': {'username': 'Deidalo Gamer', 'id': '330786044360392704', 'discriminator': '2630', 'avatar': '53d1b684a8b969394bd5da41a77cf47f'}, 'roles': [], 'mute': False, 'joined_at': '2020-06-10T00:32:47.070000+00:00', 'hoisted_role': None, 'deaf': False}, {'user': {'username': 'inkd', 'id': '332933703649198082', 'discriminator': '3356', 'avatar': 'eaf3687b979027185585d3490982b167'}, 'roles': [], 'mute': False, 'joined_at': '2020-06-01T02:10:06.226000+00:00', 'hoisted_role': None, 'deaf': False}, {'user': {'username': 'MazzodeLLic', 'id': '334450764061605888', 'discriminator': '4899', 'avatar': '43d590775ff8e7d5902868aef22ca40c'}, 'roles': [], 'mute': False, 'joined_at': '2020-06-08T01:42:33.715000+00:00', 'hoisted_role': None, 'deaf': False}, {'user': {'username': 'netherstorm', 'id': '344301244632006679', 'discriminator': '2909', 'avatar': None}, 'roles': [], 'mute': False, 'joined_at': '2020-06-10T00:35:12.456000+00:00', 'hoisted_role': None, 'deaf': False}, {'user': {'username': 'EleDê', 'id': '450857449361113088', 'discriminator': '2333', 'avatar': '1cca9247842ca37d2d3a5d49e56b22c0'}, 'roles': [], 'mute': False, 'joined_at': '2020-06-13T04:06:13.881000+00:00', 'hoisted_role': None, 'deaf': False}, {'user': {'username': 'solarisbr', 'id': '500125232384966656', 'discriminator': '5228', 'avatar': None}, 'roles': [], 'mute': False, 'joined_at': '2018-10-13T00:20:42.760000+00:00', 'hoisted_role': None, 'deaf': False}, {'user': {'username': 'fuinhafanha', 'id': '500127606557900821', 'discriminator': '3334', 'avatar': None}, 'roles': [], 'mute': False, 'joined_at': '2018-10-12T23:05:53.402000+00:00', 'hoisted_role': None, 'deaf': False}, {'user': {'username': 'Credit', 'public_flags': 256, 'id': '500724254388518913', 'discriminator': '6821', 'avatar': 'bf4c308d73f0598be916d3c3ec338ba7'}, 'roles': [], 'mute': False, 'joined_at': '2020-09-27T22:48:29.872000+00:00', 'hoisted_role': None, 'deaf': False}, {'user': {'username': 'Hyperflow', 'id': '513511807776719007', 'discriminator': '4787', 'avatar': '7cf0c6244f8283e1bdcafb6411c3c049'}, 'roles': ['737399313164009585', '737401612858949653'], 'mute': False, 'joined_at': '2018-11-18T00:40:59.285000+00:00', 'hoisted_role': '737399313164009585', 'deaf': False}, {'user': {'username': 'Astronauta', 'id': '520328413194747905', 'discriminator': '2298', 'avatar': None}, 'roles': [], 'premium_since': None, 'pending': False, 'nick': None, 'mute': False, 'joined_at': '2021-03-08T01:46:15.622612+00:00', 'is_pending': False, 'hoisted_role': None, 'deaf': False}, {'user': {'username': 'Kaua Reis', 'id': '700380679833256037', 'discriminator': '6799', 'avatar': '2b0ea8d430301000430d16de42f5938c'}, 'roles': [], 'mute': False, 'joined_at': '2020-06-04T01:36:01.772000+00:00', 'hoisted_role': None, 'deaf': False}, {'user': {'username': 'PSY_Marques', 'id': '712040841564389407', 'discriminator': '2698', 'avatar': None}, 'roles': [], 'mute': False, 'joined_at': '2020-06-06T01:37:58.924000+00:00', 'hoisted_role': None, 'deaf': False}, {'user': {'username': 'EVANDRO.STONE', 'id': '714682315778818089', 'discriminator': '1893', 'avatar': 'a179c2ebaeb34961f3134a0b15e5b167'}, 'roles': [], 'mute': False, 'joined_at': '2020-06-06T01:39:58.877000+00:00', 'hoisted_role': None, 'deaf': False}, {'user': {'username': 'Junior9004', 'id': '716110270413537381', 'discriminator': '8919', 'avatar': None}, 'roles': [], 'mute': False, 'joined_at': '2020-05-30T02:18:48.391000+00:00', 'hoisted_role': None, 'deaf': False}, {'user': {'username': 'Vasto_Lord_Live', 'id': '716111613786194061', 'discriminator': '5708', 'avatar': 'c58418326831e943c98a1baa7df7e83e'}, 'roles': [], 'mute': False, 'joined_at': '2021-01-31T01:52:35.906000+00:00', 'hoisted_role': None, 'deaf': False}, {'user': {'username': 'Hey_Nino', 'id': '717922516190101544', 'discriminator': '3680', 'avatar': None}, 'roles': [], 'mute': False, 'joined_at': '2020-06-04T02:09:11.599000+00:00', 'hoisted_role': None, 'deaf': False}, {'user': {'username': 'digo', 'id': '719776775957119026', 'discriminator': '1864', 'avatar': None}, 'roles': [], 'mute': False, 'joined_at': '2020-06-10T02:38:17.059000+00:00', 'hoisted_role': None, 'deaf': False}, {'user': {'username': 'samuel cassio', 'id': '720400644602593390', 'discriminator': '2881', 'avatar': None}, 'roles': [], 'mute': False, 'joined_at': '2020-06-13T20:49:28.828000+00:00', 'hoisted_role': None, 'deaf': False}, {'user': {'username': 'E_KAIM-BR', 'id': '725484106779197459', 'discriminator': '9263', 'avatar': '3b67aac8f6d5de6304d9c4ae98e17b75'}, 'roles': [], 'mute': False, 'joined_at': '2020-06-27T00:12:02.428000+00:00', 'hoisted_role': None, 'deaf': False}, {'user': {'username': 'solaris airborne', 'id': '734990809446744194', 'discriminator': '7619', 'avatar': None}, 'roles': [], 'mute': False, 'joined_at': '2020-07-21T04:33:25.132000+00:00', 'hoisted_role': None, 'deaf': False}, {'user': {'username': 'Charlie Bot', 'id': '818242638829715516', 'discriminator': '5225', 'bot': True, 'avatar': 'b0d876da08aab5cab18579d93cb621d7'}, 'roles': ['818247389936746526'], 'premium_since': None, 'pending': False, 'nick': None, 'mute': False, 'joined_at': '2021-03-07T22:19:44.649373+00:00', 'is_pending': False, 'hoisted_role': None, 'deaf': False}], 'region': 'brazil', 'explicit_content_filter': 0, 'large': False, 'name': 'hypernoobies', 'splash': None, 'unavailable': False, 'discovery_splash': None, 'premium_subscription_count': 0, 'lazy': True, 'vanity_url_code': None, 'rules_channel_id': None, 'max_members': 100000, 'afk_timeout': 300, 'system_channel_flags': 0, 'guild_hashes': {'version': 1, 'roles': {'omitted': False, 'hash': 'Rhjry/1rtN4'}, 'metadata': {'omitted': False, 'hash': 'bmztQ0GiL8I'}, 'channels': {'omitted': False, 'hash': 'J0cWko+HwgM'}}, 'presences': [{'user': {'id': '520328413194747905'}, 'status': 'idle', 'game': None, 'client_status': {'web': 'idle'}, 'activities': []}, {'user': {'id': '818242638829715516'}, 'status': 'online', 'game': None, 'client_status': {'web': 'online'}, 'activities': []}], 'system_channel_id': '500444025199788053', 'banner': None, 'voice_states': [], 'mfa_level': 0, 'owner_id': '513511807776719007', 'threads': [], 'max_video_channel_users': 25, 'id': '500444024725962765', 'emojis': [], 'premium_tier': 0}}
2021-03-08 03:01:50,067:DEBUG:discord.client: Dispatching event socket_response
2021-03-08 03:01:50,078:DEBUG:discord.client: Dispatching event guild_available
2021-03-08 03:01:52,084:DEBUG:discord.client: Dispatching event ready
2021-03-08 03:01:58,299:DEBUG:discord.client: Dispatching event socket_raw_receive
2021-03-08 03:01:58,299:DEBUG:discord.gateway: For Shard ID None: WebSocket Event: {'t': 'PRESENCE_UPDATE', 's': 3, 'op': 0, 'd': {'user': {'username': 'Hyperflow', 'id': '513511807776719007', 'discriminator': '4787', 'avatar': '7cf0c6244f8283e1bdcafb6411c3c049'}, 'status': 'online', 'roles': ['737399313164009585', '737401612858949653'], 'guild_id': '500444024725962765', 'game': None, 'client_status': {'mobile': 'online'}, 'activities': []}}
2021-03-08 03:01:58,299:DEBUG:discord.client: Dispatching event socket_response
2021-03-08 03:01:58,299:DEBUG:discord.client: Dispatching event member_update
2021-03-08 03:01:58,961:DEBUG:discord.http: POST https://discord.com/api/v7/users/@me/channels with {"recipient_id":513511807776719007} has returned 200
2021-03-08 03:01:58,963:DEBUG:discord.http: POST https://discord.com/api/v7/users/@me/channels has received {'id': '818307998727274506', 'type': 1, 'last_message_id': '818313995202986056', 'recipients': [{'id': '513511807776719007', 'username': 'Hyperflow', 'avatar': '7cf0c6244f8283e1bdcafb6411c3c049', 'discriminator': '4787', 'public_flags': 0}]}
2021-03-08 03:01:58,975:DEBUG:discord.client: Dispatching event socket_raw_receive
2021-03-08 03:01:58,976:DEBUG:discord.gateway: For Shard ID None: WebSocket Event: {'t': 'CHANNEL_CREATE', 's': 4, 'op': 0, 'd': {'type': 1, 'recipients': [{'username': 'Hyperflow', 'public_flags': 0, 'id': '513511807776719007', 'discriminator': '4787', 'avatar': '7cf0c6244f8283e1bdcafb6411c3c049'}], 'last_message_id': '818313995202986056', 'id': '818307998727274506'}}
2021-03-08 03:01:58,976:DEBUG:discord.client: Dispatching event socket_response
2021-03-08 03:01:59,093:DEBUG:discord.client: Dispatching event socket_raw_receive
2021-03-08 03:01:59,096:DEBUG:discord.gateway: For Shard ID None: WebSocket Event: {'t': 'CHANNEL_CREATE', 's': 5, 'op': 0, 'd': {'type': 1, 'recipients': [{'username': 'Hyperflow', 'public_flags': 0, 'id': '513511807776719007', 'discriminator': '4787', 'avatar': '7cf0c6244f8283e1bdcafb6411c3c049'}], 'last_message_id': '818317598340546570', 'id': '818307998727274506'}}
2021-03-08 03:01:59,096:DEBUG:discord.client: Dispatching event socket_response
2021-03-08 03:01:59,097:DEBUG:discord.client: Dispatching event socket_raw_receive
2021-03-08 03:01:59,097:DEBUG:discord.gateway: For Shard ID None: WebSocket Event: {'t': 'MESSAGE_CREATE', 's': 6, 'op': 0, 'd': {'type': 0, 'tts': False, 'timestamp': '2021-03-08T03:01:59.050000+00:00', 'referenced_message': None, 'pinned': False, 'mentions': [], 'mention_roles': [], 'mention_everyone': False, 'id': '818317598340546570', 'flags': 0, 'embeds': [], 'edited_timestamp': None, 'content': 'Pound for pound, Chuck Norris will pound the shit out of you.', 'channel_id': '818307998727274506', 'author': {'username': 'Charlie Bot', 'public_flags': 0, 'id': '818242638829715516', 'discriminator': '5225', 'bot': True, 'avatar': 'b0d876da08aab5cab18579d93cb621d7'}, 'attachments': []}}
2021-03-08 03:01:59,097:DEBUG:discord.client: Dispatching event socket_response
2021-03-08 03:01:59,097:DEBUG:discord.client: Dispatching event message
2021-03-08 03:01:59,113:DEBUG:discord.http: POST https://discord.com/api/v7/channels/818307998727274506/messages with {"content":"Pound for pound, Chuck Norris will pound the shit out of you."} has returned 200
2021-03-08 03:01:59,114:DEBUG:discord.http: POST https://discord.com/api/v7/channels/818307998727274506/messages has received {'id': '818317598340546570', 'type': 0, 'content': 'Pound for pound, Chuck Norris will pound the shit out of you.', 'channel_id': '818307998727274506', 'author': {'id': '818242638829715516', 'username': 'Charlie Bot', 'avatar': 'b0d876da08aab5cab18579d93cb621d7', 'discriminator': '5225', 'public_flags': 0, 'bot': True}, 'attachments': [], 'embeds': [], 'mentions': [], 'mention_roles': [], 'pinned': False, 'mention_everyone': False, 'tts': False, 'timestamp': '2021-03-08T03:01:59.050000+00:00', 'edited_timestamp': None, 'flags': 0, 'referenced_message': None}
2021-03-08 03:02:31,046:DEBUG:discord.gateway: Keeping shard ID None websocket alive with sequence 6.
2021-03-08 03:02:31,092:DEBUG:discord.client: Dispatching event socket_raw_receive
2021-03-08 03:02:31,092:DEBUG:discord.gateway: For Shard ID None: WebSocket Event: {'t': None, 's': None, 'op': 11, 'd': None}
2021-03-08 03:02:31,092:DEBUG:discord.client: Dispatching event socket_response
2021-03-08 03:02:31,430:DEBUG:discord.client: Dispatching event socket_raw_receive
2021-03-08 03:02:31,430:DEBUG:discord.gateway: For Shard ID None: WebSocket Event: {'t': 'MESSAGE_CREATE', 's': 7, 'op': 0, 'd': {'type': 0, 'tts': False, 'timestamp': '2021-03-08T03:02:31.365000+00:00', 'referenced_message': None, 'pinned': False, 'nonce': '818317733836881920', 'mentions': [], 'mention_roles': [], 'mention_everyone': False, 'member': {'roles': [], 'premium_since': None, 'pending': False, 'nick': None, 'mute': False, 'joined_at': '2021-03-08T01:46:15.622612+00:00', 'is_pending': False, 'hoisted_role': None, 'deaf': False}, 'id': '818317733879611433', 'flags': 0, 'embeds': [], 'edited_timestamp': None, 'content': 'oi', 'channel_id': '500444025199788053', 'author': {'username': 'Astronauta', 'public_flags': 0, 'id': '520328413194747905', 'discriminator': '2298', 'avatar': None}, 'attachments': [], 'guild_id': '500444024725962765'}}
2021-03-08 03:02:31,431:DEBUG:discord.client: Dispatching event socket_response
2021-03-08 03:02:31,432:DEBUG:discord.client: Dispatching event message
2021-03-08 03:02:33,355:DEBUG:discord.client: Dispatching event socket_raw_receive
2021-03-08 03:02:33,355:DEBUG:discord.gateway: For Shard ID None: WebSocket Event: {'t': 'MESSAGE_CREATE', 's': 8, 'op': 0, 'd': {'type': 0, 'tts': False, 'timestamp': '2021-03-08T03:02:33.224000+00:00', 'referenced_message': None, 'pinned': False, 'nonce': '818317742040940544', 'mentions': [], 'mention_roles': [], 'mention_everyone': False, 'member': {'roles': [], 'premium_since': None, 'pending': False, 'nick': None, 'mute': False, 'joined_at': '2021-03-08T01:46:15.622612+00:00', 'is_pending': False, 'hoisted_role': None, 'deaf': False}, 'id': '818317741676822549', 'flags': 0, 'embeds': [], 'edited_timestamp': None, 'content': 'hello', 'channel_id': '500444025199788053', 'author': {'username': 'Astronauta', 'public_flags': 0, 'id': '520328413194747905', 'discriminator': '2298', 'avatar': None}, 'attachments': [], 'guild_id': '500444024725962765'}}
2021-03-08 03:02:33,355:DEBUG:discord.client: Dispatching event socket_response
2021-03-08 03:02:33,356:DEBUG:discord.client: Dispatching event message
2021-03-08 03:02:47,001:DEBUG:discord.client: Dispatching event socket_raw_receive
2021-03-08 03:02:47,001:DEBUG:discord.gateway: For Shard ID None: WebSocket Event: {'t': 'MESSAGE_CREATE', 's': 9, 'op': 0, 'd': {'type': 0, 'tts': False, 'timestamp': '2021-03-08T03:02:46.944000+00:00', 'referenced_message': None, 'pinned': False, 'nonce': '818317799179943936', 'mentions': [], 'mention_roles': [], 'mention_everyone': False, 'member': {'roles': [], 'premium_since': None, 'pending': False, 'nick': None, 'mute': False, 'joined_at': '2021-03-08T01:46:15.622612+00:00', 'is_pending': False, 'hoisted_role': None, 'deaf': False}, 'id': '818317799221886986', 'flags': 0, 'embeds': [], 'edited_timestamp': None, 'content': 'hello', 'channel_id': '500444025199788053', 'author': {'username': 'Astronauta', 'public_flags': 0, 'id': '520328413194747905', 'discriminator': '2298', 'avatar': None}, 'attachments': [], 'guild_id': '500444024725962765'}}
2021-03-08 03:02:47,001:DEBUG:discord.client: Dispatching event socket_response
2021-03-08 03:02:47,002:DEBUG:discord.client: Dispatching event message
2021-03-08 03:02:53,193:DEBUG:discord.client: Dispatching event socket_raw_receive
2021-03-08 03:02:53,193:DEBUG:discord.gateway: For Shard ID None: WebSocket Event: {'t': 'MESSAGE_CREATE', 's': 10, 'op': 0, 'd': {'type': 0, 'tts': False, 'timestamp': '2021-03-08T03:02:53.079000+00:00', 'referenced_message': None, 'pinned': False, 'nonce': '818317825411121152', 'mentions': [], 'mention_roles': [], 'mention_everyone': False, 'member': {'roles': [], 'premium_since': None, 'pending': False, 'nick': None, 'mute': False, 'joined_at': '2021-03-08T01:46:15.622612+00:00', 'is_pending': False, 'hoisted_role': None, 'deaf': False}, 'id': '818317824955121696', 'flags': 0, 'embeds': [], 'edited_timestamp': None, 'content': 'entrou', 'channel_id': '500444025199788053', 'author': {'username': 'Astronauta', 'public_flags': 0, 'id': '520328413194747905', 'discriminator': '2298', 'avatar': None}, 'attachments': [], 'guild_id': '500444024725962765'}}
2021-03-08 03:02:53,193:DEBUG:discord.client: Dispatching event socket_response
2021-03-08 03:02:53,194:DEBUG:discord.client: Dispatching event message
2021-03-08 03:02:53,317:DEBUG:discord.client: Dispatching event socket_raw_receive
2021-03-08 03:02:53,317:DEBUG:discord.gateway: For Shard ID None: WebSocket Event: {'t': 'MESSAGE_CREATE', 's': 11, 'op': 0, 'd': {'type': 0, 'tts': False, 'timestamp': '2021-03-08T03:02:53.279000+00:00', 'referenced_message': None, 'pinned': False, 'mentions': [], 'mention_roles': [], 'mention_everyone': False, 'member': {'roles': ['818247389936746526'], 'premium_since': None, 'pending': False, 'nick': None, 'mute': False, 'joined_at': '2021-03-07T22:19:44.649373+00:00', 'is_pending': False, 'hoisted_role': None, 'deaf': False}, 'id': '818317825793589278', 'flags': 0, 'embeds': [], 'edited_timestamp': None, 'content': 'Hello back!', 'channel_id': '500444025199788053', 'author': {'username': 'Charlie Bot', 'public_flags': 0, 'id': '818242638829715516', 'discriminator': '5225', 'bot': True, 'avatar': 'b0d876da08aab5cab18579d93cb621d7'}, 'attachments': [], 'guild_id': '500444024725962765'}}
2021-03-08 03:02:53,317:DEBUG:discord.client: Dispatching event socket_response
2021-03-08 03:02:53,318:DEBUG:discord.client: Dispatching event message
2021-03-08 03:02:53,355:DEBUG:discord.http: POST https://discord.com/api/v7/channels/500444025199788053/messages with {"content":"Hello back!"} has returned 200
2021-03-08 03:02:53,355:DEBUG:discord.http: POST https://discord.com/api/v7/channels/500444025199788053/messages has received {'id': '818317825793589278', 'type': 0, 'content': 'Hello back!', 'channel_id': '500444025199788053', 'author': {'id': '818242638829715516', 'username': 'Charlie Bot', 'avatar': 'b0d876da08aab5cab18579d93cb621d7', 'discriminator': '5225', 'public_flags': 0, 'bot': True}, 'attachments': [], 'embeds': [], 'mentions': [], 'mention_roles': [], 'pinned': False, 'mention_everyone': False, 'tts': False, 'timestamp': '2021-03-08T03:02:53.279000+00:00', 'edited_timestamp': None, 'flags': 0, 'referenced_message': None}
2021-03-08 03:03:10,647:DEBUG:discord.client: Dispatching event socket_raw_receive
2021-03-08 03:03:10,647:DEBUG:discord.gateway: For Shard ID None: WebSocket Event: {'t': 'GUILD_MEMBER_REMOVE', 's': 12, 'op': 0, 'd': {'user': {'username': 'Astronauta', 'public_flags': 0, 'id': '520328413194747905', 'discriminator': '2298', 'avatar': None}, 'guild_id': '500444024725962765'}}
2021-03-08 03:03:10,647:DEBUG:discord.client: Dispatching event socket_response
2021-03-08 03:03:10,648:DEBUG:discord.client: Dispatching event member_remove
2021-03-08 03:03:12,298:DEBUG:discord.gateway: Keeping shard ID None websocket alive with sequence 12.
2021-03-08 03:03:12,349:DEBUG:discord.client: Dispatching event socket_raw_receive
2021-03-08 03:03:12,350:DEBUG:discord.gateway: For Shard ID None: WebSocket Event: {'t': None, 's': None, 'op': 11, 'd': None}
2021-03-08 03:03:12,350:DEBUG:discord.client: Dispatching event socket_response
2021-03-08 03:03:31,202:DEBUG:discord.client: Dispatching event socket_raw_receive
2021-03-08 03:03:31,203:DEBUG:discord.gateway: For Shard ID None: WebSocket Event: {'t': 'GUILD_MEMBER_ADD', 's': 13, 'op': 0, 'd': {'user': {'username': 'Astronauta', 'public_flags': 0, 'id': '520328413194747905', 'discriminator': '2298', 'avatar': None}, 'roles': [], 'premium_since': None, 'pending': False, 'nick': None, 'mute': False, 'joined_at': '2021-03-08T03:03:31.162372+00:00', 'is_pending': False, 'guild_id': '500444024725962765', 'deaf': False}}
2021-03-08 03:03:31,204:DEBUG:discord.client: Dispatching event socket_response
2021-03-08 03:03:31,204:DEBUG:discord.client: Dispatching event member_join
2021-03-08 03:03:31,204:DEBUG:discord.client: Dispatching event socket_raw_receive
2021-03-08 03:03:31,205:DEBUG:discord.gateway: For Shard ID None: WebSocket Event: {'t': 'PRESENCE_UPDATE', 's': 14, 'op': 0, 'd': {'user': {'username': 'Astronauta', 'id': '520328413194747905', 'discriminator': '2298', 'avatar': None}, 'status': 'idle', 'roles': [], 'premium_since': None, 'nick': None, 'guild_id': '500444024725962765', 'game': None, 'client_status': {'web': 'idle'}, 'activities': []}}
2021-03-08 03:03:31,205:DEBUG:discord.client: Dispatching event socket_response
2021-03-08 03:03:31,205:DEBUG:discord.client: Dispatching event member_update
2021-03-08 03:03:31,205:DEBUG:discord.client: Dispatching event socket_raw_receive
2021-03-08 03:03:31,206:DEBUG:discord.gateway: For Shard ID None: WebSocket Event: {'t': 'GUILD_MEMBER_UPDATE', 's': 15, 'op': 0, 'd': {'user': {'username': 'Astronauta', 'id': '520328413194747905', 'discriminator': '2298', 'avatar': None}, 'roles': [], 'premium_since': None, 'pending': False, 'nick': None, 'mute': False, 'joined_at': '2021-03-08T03:03:31.162372+00:00', 'is_pending': False, 'hoisted_role': None, 'guild_id': '500444024725962765', 'deaf': False}}
2021-03-08 03:03:31,206:DEBUG:discord.client: Dispatching event socket_response
2021-03-08 03:03:31,206:DEBUG:discord.client: Dispatching event member_update
2021-03-08 03:03:32,234:DEBUG:discord.client: Dispatching event socket_raw_receive
2021-03-08 03:03:32,234:DEBUG:discord.gateway: For Shard ID None: WebSocket Event: {'t': 'MESSAGE_CREATE', 's': 16, 'op': 0, 'd': {'type': 7, 'tts': False, 'timestamp': '2021-03-08T03:03:31.183000+00:00', 'pinned': False, 'mentions': [], 'mention_roles': [], 'mention_everyone': False, 'member': {'roles': [], 'premium_since': None, 'pending': False, 'nick': None, 'mute': False, 'joined_at': '2021-03-08T03:03:31.162372+00:00', 'is_pending': False, 'hoisted_role': None, 'deaf': False}, 'id': '818317984774881290', 'flags': 0, 'embeds': [], 'edited_timestamp': None, 'content': '', 'channel_id': '500444025199788053', 'author': {'username': 'Astronauta', 'public_flags': 0, 'id': '520328413194747905', 'discriminator': '2298', 'avatar': None}, 'attachments': [], 'guild_id': '500444024725962765'}}
2021-03-08 03:03:32,234:DEBUG:discord.client: Dispatching event socket_response
2021-03-08 03:03:32,235:DEBUG:discord.client: Dispatching event message
2021-03-08 03:03:32,357:DEBUG:discord.http: POST https://discord.com/api/v7/users/@me/channels with {"recipient_id":520328413194747905} has returned 200
2021-03-08 03:03:32,357:DEBUG:discord.http: POST https://discord.com/api/v7/users/@me/channels has received {'id': '818298542358528060', 'type': 1, 'last_message_id': '818315817305112586', 'recipients': [{'id': '520328413194747905', 'username': 'Astronauta', 'avatar': None, 'discriminator': '2298', 'public_flags': 0}]}
2021-03-08 03:03:32,365:DEBUG:discord.client: Dispatching event socket_raw_receive
2021-03-08 03:03:32,365:DEBUG:discord.gateway: For Shard ID None: WebSocket Event: {'t': 'CHANNEL_CREATE', 's': 17, 'op': 0, 'd': {'type': 1, 'recipients': [{'username': 'Astronauta', 'public_flags': 0, 'id': '520328413194747905', 'discriminator': '2298', 'avatar': None}], 'last_message_id': '818315817305112586', 'id': '818298542358528060'}}
2021-03-08 03:03:32,366:DEBUG:discord.client: Dispatching event socket_response
2021-03-08 03:03:32,459:DEBUG:discord.client: Dispatching event socket_raw_receive
2021-03-08 03:03:32,459:DEBUG:discord.gateway: For Shard ID None: WebSocket Event: {'t': 'CHANNEL_CREATE', 's': 18, 'op': 0, 'd': {'type': 1, 'recipients': [{'username': 'Astronauta', 'public_flags': 0, 'id': '520328413194747905', 'discriminator': '2298', 'avatar': None}], 'last_message_id': '818315817305112586', 'id': '818298542358528060'}}
2021-03-08 03:03:32,459:DEBUG:discord.client: Dispatching event socket_response
2021-03-08 03:03:32,469:DEBUG:discord.http: POST https://discord.com/api/v7/users/@me/channels with {"recipient_id":520328413194747905} has returned 200
2021-03-08 03:03:32,469:DEBUG:discord.http: POST https://discord.com/api/v7/users/@me/channels has received {'id': '818298542358528060', 'type': 1, 'last_message_id': '818315817305112586', 'recipients': [{'id': '520328413194747905', 'username': 'Astronauta', 'avatar': None, 'discriminator': '2298', 'public_flags': 0}]}
2021-03-08 03:03:32,470:DEBUG:discord.client: Dispatching event socket_raw_receive
2021-03-08 03:03:32,470:DEBUG:discord.gateway: For Shard ID None: WebSocket Event: {'t': 'CHANNEL_CREATE', 's': 19, 'op': 0, 'd': {'type': 1, 'recipients': [{'username': 'Astronauta', 'public_flags': 0, 'id': '520328413194747905', 'discriminator': '2298', 'avatar': None}], 'last_message_id': '818317989714722818', 'id': '818298542358528060'}}
2021-03-08 03:03:32,470:DEBUG:discord.client: Dispatching event socket_response
2021-03-08 03:03:32,480:DEBUG:discord.client: Dispatching event socket_raw_receive
2021-03-08 03:03:32,480:DEBUG:discord.gateway: For Shard ID None: WebSocket Event: {'t': 'MESSAGE_CREATE', 's': 20, 'op': 0, 'd': {'type': 0, 'tts': False, 'timestamp': '2021-03-08T03:03:32.361000+00:00', 'referenced_message': None, 'pinned': False, 'mentions': [], 'mention_roles': [], 'mention_everyone': False, 'id': '818317989714722818', 'flags': 0, 'embeds': [], 'edited_timestamp': None, 'content': 'Chuck Norris eats tree leafs and shits 100 dollar bills.', 'channel_id': '818298542358528060', 'author': {'username': 'Charlie Bot', 'public_flags': 0, 'id': '818242638829715516', 'discriminator': '5225', 'bot': True, 'avatar': 'b0d876da08aab5cab18579d93cb621d7'}, 'attachments': []}}
2021-03-08 03:03:32,481:DEBUG:discord.client: Dispatching event socket_response
2021-03-08 03:03:32,481:DEBUG:discord.client: Dispatching event message
2021-03-08 03:03:32,491:DEBUG:discord.http: POST https://discord.com/api/v7/channels/818298542358528060/messages with {"content":"Chuck Norris eats tree leafs and shits 100 dollar bills."} has returned 200
2021-03-08 03:03:32,492:DEBUG:discord.http: POST https://discord.com/api/v7/channels/818298542358528060/messages has received {'id': '818317989714722818', 'type': 0, 'content': 'Chuck Norris eats tree leafs and shits 100 dollar bills.', 'channel_id': '818298542358528060', 'author': {'id': '818242638829715516', 'username': 'Charlie Bot', 'avatar': 'b0d876da08aab5cab18579d93cb621d7', 'discriminator': '5225', 'public_flags': 0, 'bot': True}, 'attachments': [], 'embeds': [], 'mentions': [], 'mention_roles': [], 'pinned': False, 'mention_everyone': False, 'tts': False, 'timestamp': '2021-03-08T03:03:32.361000+00:00', 'edited_timestamp': None, 'flags': 0, 'referenced_message': None}
2021-03-08 03:03:32,600:DEBUG:discord.client: Dispatching event socket_raw_receive
2021-03-08 03:03:32,601:DEBUG:discord.gateway: For Shard ID None: WebSocket Event: {'t': 'CHANNEL_CREATE', 's': 21, 'op': 0, 'd': {'type': 1, 'recipients': [{'username': 'Astronauta', 'public_flags': 0, 'id': '520328413194747905', 'discriminator': '2298', 'avatar': None}], 'last_message_id': '818317990415695894', 'id': '818298542358528060'}}
2021-03-08 03:03:32,601:DEBUG:discord.client: Dispatching event socket_response
2021-03-08 03:03:32,601:DEBUG:discord.client: Dispatching event socket_raw_receive
2021-03-08 03:03:32,601:DEBUG:discord.gateway: For Shard ID None: WebSocket Event: {'t': 'MESSAGE_CREATE', 's': 22, 'op': 0, 'd': {'type': 0, 'tts': False, 'timestamp': '2021-03-08T03:03:32.528000+00:00', 'referenced_message': None, 'pinned': False, 'mentions': [], 'mention_roles': [], 'mention_everyone': False, 'id': '818317990415695894', 'flags': 0, 'embeds': [], 'edited_timestamp': None, 'content': "Chuck Norris has slapped a load of ass in his day. And by 'his day', he always means today.", 'channel_id': '818298542358528060', 'author': {'username': 'Charlie Bot', 'public_flags': 0, 'id': '818242638829715516', 'discriminator': '5225', 'bot': True, 'avatar': 'b0d876da08aab5cab18579d93cb621d7'}, 'attachments': []}}
2021-03-08 03:03:32,602:DEBUG:discord.client: Dispatching event socket_response
2021-03-08 03:03:32,602:DEBUG:discord.client: Dispatching event message
2021-03-08 03:03:32,620:DEBUG:discord.http: POST https://discord.com/api/v7/channels/818298542358528060/messages with {"content":"Chuck Norris has slapped a load of ass in his day. And by 'his day', he always means today."} has returned 200
2021-03-08 03:03:32,621:DEBUG:discord.http: POST https://discord.com/api/v7/channels/818298542358528060/messages has received {'id': '818317990415695894', 'type': 0, 'content': "Chuck Norris has slapped a load of ass in his day. And by 'his day', he always means today.", 'channel_id': '818298542358528060', 'author': {'id': '818242638829715516', 'username': 'Charlie Bot', 'avatar': 'b0d876da08aab5cab18579d93cb621d7', 'discriminator': '5225', 'public_flags': 0, 'bot': True}, 'attachments': [], 'embeds': [], 'mentions': [], 'mention_roles': [], 'pinned': False, 'mention_everyone': False, 'tts': False, 'timestamp': '2021-03-08T03:03:32.528000+00:00', 'edited_timestamp': None, 'flags': 0, 'referenced_message': None}
2021-03-08 03:03:53,550:DEBUG:discord.gateway: Keeping shard ID None websocket alive with sequence 22.
2021-03-08 03:03:53,594:DEBUG:discord.client: Dispatching event socket_raw_receive
2021-03-08 03:03:53,595:DEBUG:discord.gateway: For Shard ID None: WebSocket Event: {'t': None, 's': None, 'op': 11, 'd': None}
2021-03-08 03:03:53,595:DEBUG:discord.client: Dispatching event socket_response
2021-03-08 03:04:34,803:DEBUG:discord.gateway: Keeping shard ID None websocket alive with sequence 22.
2021-03-08 03:04:34,847:DEBUG:discord.client: Dispatching event socket_raw_receive
2021-03-08 03:04:34,848:DEBUG:discord.gateway: For Shard ID None: WebSocket Event: {'t': None, 's': None, 'op': 11, 'd': None}
2021-03-08 03:04:34,848:DEBUG:discord.client: Dispatching event socket_response
2021-03-08 03:04:39,468:DEBUG:discord.client: Dispatching event socket_raw_receive
2021-03-08 03:04:39,469:DEBUG:discord.gateway: For Shard ID None: WebSocket Event: {'t': 'PRESENCE_UPDATE', 's': 23, 'op': 0, 'd': {'user': {'id': '513511807776719007'}, 'status': 'offline', 'roles': ['737399313164009585', '737401612858949653'], 'guild_id': '500444024725962765', 'game': None, 'client_status': {}, 'activities': []}}
2021-03-08 03:04:39,469:DEBUG:discord.client: Dispatching event socket_response
2021-03-08 03:04:39,469:DEBUG:discord.client: Dispatching event member_update
2021-03-08 03:04:40,307:DEBUG:discord.client: Dispatching event socket_raw_receive
2021-03-08 03:04:40,308:DEBUG:discord.gateway: For Shard ID None: WebSocket Event: {'t': 'CHANNEL_CREATE', 's': 24, 'op': 0, 'd': {'type': 1, 'recipients': [{'username': 'Hyperflow', 'public_flags': 0, 'id': '513511807776719007', 'discriminator': '4787', 'avatar': '7cf0c6244f8283e1bdcafb6411c3c049'}], 'last_message_id': '818318274357493792', 'id': '818307998727274506'}}
2021-03-08 03:04:40,308:DEBUG:discord.client: Dispatching event socket_response
2021-03-08 03:04:40,308:DEBUG:discord.client: Dispatching event socket_raw_receive
2021-03-08 03:04:40,308:DEBUG:discord.gateway: For Shard ID None: WebSocket Event: {'t': 'MESSAGE_CREATE', 's': 25, 'op': 0, 'd': {'type': 0, 'tts': False, 'timestamp': '2021-03-08T03:04:40.225000+00:00', 'referenced_message': None, 'pinned': False, 'mentions': [], 'mention_roles': [], 'mention_everyone': False, 'id': '818318274357493792', 'flags': 0, 'embeds': [], 'edited_timestamp': None, 'content': "A guy was furious at Chuck Norris. He fought with Chuck Norris with all of his rage. Chuck Norris happily fed on his rage until the guy became a hippie. Then Chuck Norris obliterated him, because Chuck Norris doesn't like hippies.", 'channel_id': '818307998727274506', 'author': {'username': 'Charlie Bot', 'public_flags': 0, 'id': '818242638829715516', 'discriminator': '5225', 'bot': True, 'avatar': 'b0d876da08aab5cab18579d93cb621d7'}, 'attachments': []}}
2021-03-08 03:04:40,308:DEBUG:discord.client: Dispatching event socket_response
2021-03-08 03:04:40,309:DEBUG:discord.client: Dispatching event message
2021-03-08 03:04:40,363:DEBUG:discord.http: POST https://discord.com/api/v7/channels/818307998727274506/messages with {"content":"A guy was furious at Chuck Norris. He fought with Chuck Norris with all of his rage. Chuck Norris happily fed on his rage until the guy became a hippie. Then Chuck Norris obliterated him, because Chuck Norris doesn't like hippies."} has returned 200
2021-03-08 03:04:40,364:DEBUG:discord.http: POST https://discord.com/api/v7/channels/818307998727274506/messages has received {'id': '818318274357493792', 'type': 0, 'content': "A guy was furious at Chuck Norris. He fought with Chuck Norris with all of his rage. Chuck Norris happily fed on his rage until the guy became a hippie. Then Chuck Norris obliterated him, because Chuck Norris doesn't like hippies.", 'channel_id': '818307998727274506', 'author': {'id': '818242638829715516', 'username': 'Charlie Bot', 'avatar': 'b0d876da08aab5cab18579d93cb621d7', 'discriminator': '5225', 'public_flags': 0, 'bot': True}, 'attachments': [], 'embeds': [], 'mentions': [], 'mention_roles': [], 'pinned': False, 'mention_everyone': False, 'tts': False, 'timestamp': '2021-03-08T03:04:40.225000+00:00', 'edited_timestamp': None, 'flags': 0, 'referenced_message': None}
2021-03-08 03:05:06,628:DEBUG:discord.client: Dispatching event socket_raw_receive
2021-03-08 03:05:06,629:DEBUG:discord.gateway: For Shard ID None: WebSocket Event: {'t': 'PRESENCE_UPDATE', 's': 26, 'op': 0, 'd': {'user': {'username': 'Hyperflow', 'id': '513511807776719007', 'discriminator': '4787', 'avatar': '7cf0c6244f8283e1bdcafb6411c3c049'}, 'status': 'online', 'roles': ['737399313164009585', '737401612858949653'], 'guild_id': '500444024725962765', 'game': None, 'client_status': {'mobile': 'online'}, 'activities': []}}
2021-03-08 03:05:06,629:DEBUG:discord.client: Dispatching event socket_response
2021-03-08 03:05:06,630:DEBUG:discord.client: Dispatching event member_update
2021-03-08 03:05:07,479:DEBUG:discord.client: Dispatching event socket_raw_receive
2021-03-08 03:05:07,480:DEBUG:discord.gateway: For Shard ID None: WebSocket Event: {'t': 'CHANNEL_CREATE', 's': 27, 'op': 0, 'd': {'type': 1, 'recipients': [{'username': 'Hyperflow', 'public_flags': 0, 'id': '513511807776719007', 'discriminator': '4787', 'avatar': '7cf0c6244f8283e1bdcafb6411c3c049'}], 'last_message_id': '818318388485029898', 'id': '818307998727274506'}}
2021-03-08 03:05:07,482:DEBUG:discord.client: Dispatching event socket_response
2021-03-08 03:05:07,482:DEBUG:discord.client: Dispatching event socket_raw_receive
2021-03-08 03:05:07,483:DEBUG:discord.gateway: For Shard ID None: WebSocket Event: {'t': 'MESSAGE_CREATE', 's': 28, 'op': 0, 'd': {'type': 0, 'tts': False, 'timestamp': '2021-03-08T03:05:07.435000+00:00', 'referenced_message': None, 'pinned': False, 'mentions': [], 'mention_roles': [], 'mention_everyone': False, 'id': '818318388485029898', 'flags': 0, 'embeds': [], 'edited_timestamp': None, 'content': '"On 21 december 2012 Chuck Norris will align the planets and cause a poleshift."', 'channel_id': '818307998727274506', 'author': {'username': 'Charlie Bot', 'public_flags': 0, 'id': '818242638829715516', 'discriminator': '5225', 'bot': True, 'avatar': 'b0d876da08aab5cab18579d93cb621d7'}, 'attachments': []}}
2021-03-08 03:05:07,483:DEBUG:discord.client: Dispatching event socket_response
2021-03-08 03:05:07,484:DEBUG:discord.client: Dispatching event message
2021-03-08 03:05:07,502:DEBUG:discord.http: POST https://discord.com/api/v7/channels/818307998727274506/messages with {"content":"\"On 21 december 2012 Chuck Norris will align the planets and cause a poleshift.\""} has returned 200
2021-03-08 03:05:07,502:DEBUG:discord.http: POST https://discord.com/api/v7/channels/818307998727274506/messages has received {'id': '818318388485029898', 'type': 0, 'content': '"On 21 december 2012 Chuck Norris will align the planets and cause a poleshift."', 'channel_id': '818307998727274506', 'author': {'id': '818242638829715516', 'username': 'Charlie Bot', 'avatar': 'b0d876da08aab5cab18579d93cb621d7', 'discriminator': '5225', 'public_flags': 0, 'bot': True}, 'attachments': [], 'embeds': [], 'mentions': [], 'mention_roles': [], 'pinned': False, 'mention_everyone': False, 'tts': False, 'timestamp': '2021-03-08T03:05:07.435000+00:00', 'edited_timestamp': None, 'flags': 0, 'referenced_message': None}
2021-03-08 03:05:16,055:DEBUG:discord.gateway: Keeping shard ID None websocket alive with sequence 28.
2021-03-08 03:05:16,106:DEBUG:discord.client: Dispatching event socket_raw_receive
2021-03-08 03:05:16,107:DEBUG:discord.gateway: For Shard ID None: WebSocket Event: {'t': None, 's': None, 'op': 11, 'd': None}
2021-03-08 03:05:16,107:DEBUG:discord.client: Dispatching event socket_response
2021-03-08 03:05:57,310:DEBUG:discord.gateway: Keeping shard ID None websocket alive with sequence 28.
2021-03-08 03:05:57,352:DEBUG:discord.client: Dispatching event socket_raw_receive
2021-03-08 03:05:57,353:DEBUG:discord.gateway: For Shard ID None: WebSocket Event: {'t': None, 's': None, 'op': 11, 'd': None}
2021-03-08 03:05:57,353:DEBUG:discord.client: Dispatching event socket_response
2021-03-08 03:06:38,562:DEBUG:discord.gateway: Keeping shard ID None websocket alive with sequence 28.
2021-03-08 03:06:38,608:DEBUG:discord.client: Dispatching event socket_raw_receive
2021-03-08 03:06:38,608:DEBUG:discord.gateway: For Shard ID None: WebSocket Event: {'t': None, 's': None, 'op': 11, 'd': None}
2021-03-08 03:06:38,609:DEBUG:discord.client: Dispatching event socket_response
2021-03-08 03:07:06,649:DEBUG:discord.client: Dispatching event socket_raw_receive
2021-03-08 03:07:06,649:DEBUG:discord.gateway: For Shard ID None: WebSocket Event: {'t': 'PRESENCE_UPDATE', 's': 29, 'op': 0, 'd': {'user': {'id': '513511807776719007'}, 'status': 'offline', 'roles': ['737399313164009585', '737401612858949653'], 'guild_id': '500444024725962765', 'game': None, 'client_status': {}, 'activities': []}}
2021-03-08 03:07:06,649:DEBUG:discord.client: Dispatching event socket_response
2021-03-08 03:07:06,650:DEBUG:discord.client: Dispatching event member_update
2021-03-08 03:07:07,397:DEBUG:discord.client: Dispatching event socket_raw_receive
2021-03-08 03:07:07,397:DEBUG:discord.gateway: For Shard ID None: WebSocket Event: {'t': 'CHANNEL_CREATE', 's': 30, 'op': 0, 'd': {'type': 1, 'recipients': [{'username': 'Hyperflow', 'public_flags': 0, 'id': '513511807776719007', 'discriminator': '4787', 'avatar': '7cf0c6244f8283e1bdcafb6411c3c049'}], 'last_message_id': '818318891302125599', 'id': '818307998727274506'}}
2021-03-08 03:07:07,398:DEBUG:discord.client: Dispatching event socket_response
2021-03-08 03:07:07,398:DEBUG:discord.client: Dispatching event socket_raw_receive
2021-03-08 03:07:07,398:DEBUG:discord.gateway: For Shard ID None: WebSocket Event: {'t': 'MESSAGE_CREATE', 's': 31, 'op': 0, 'd': {'type': 0, 'tts': False, 'timestamp': '2021-03-08T03:07:07.316000+00:00', 'referenced_message': None, 'pinned': False, 'mentions': [], 'mention_roles': [], 'mention_everyone': False, 'id': '818318891302125599', 'flags': 0, 'embeds': [], 'edited_timestamp': None, 'content': 'Chuck Norris made the Kessel run in less than three parsecs.', 'channel_id': '818307998727274506', 'author': {'username': 'Charlie Bot', 'public_flags': 0, 'id': '818242638829715516', 'discriminator': '5225', 'bot': True, 'avatar': 'b0d876da08aab5cab18579d93cb621d7'}, 'attachments': []}}
2021-03-08 03:07:07,399:DEBUG:discord.client: Dispatching event socket_response
2021-03-08 03:07:07,400:DEBUG:discord.client: Dispatching event message
2021-03-08 03:07:07,403:DEBUG:discord.http: POST https://discord.com/api/v7/channels/818307998727274506/messages with {"content":"Chuck Norris made the Kessel run in less than three parsecs."} has returned 200
2021-03-08 03:07:07,404:DEBUG:discord.http: POST https://discord.com/api/v7/channels/818307998727274506/messages has received {'id': '818318891302125599', 'type': 0, 'content': 'Chuck Norris made the Kessel run in less than three parsecs.', 'channel_id': '818307998727274506', 'author': {'id': '818242638829715516', 'username': 'Charlie Bot', 'avatar': 'b0d876da08aab5cab18579d93cb621d7', 'discriminator': '5225', 'public_flags': 0, 'bot': True}, 'attachments': [], 'embeds': [], 'mentions': [], 'mention_roles': [], 'pinned': False, 'mention_everyone': False, 'tts': False, 'timestamp': '2021-03-08T03:07:07.316000+00:00', 'edited_timestamp': None, 'flags': 0, 'referenced_message': None}
2021-03-08 03:07:19,814:DEBUG:discord.gateway: Keeping shard ID None websocket alive with sequence 31.
2021-03-08 03:07:19,860:DEBUG:discord.client: Dispatching event socket_raw_receive
2021-03-08 03:07:19,861:DEBUG:discord.gateway: For Shard ID None: WebSocket Event: {'t': None, 's': None, 'op': 11, 'd': None}
2021-03-08 03:07:19,861:DEBUG:discord.client: Dispatching event socket_response
2021-03-08 03:08:01,067:DEBUG:discord.gateway: Keeping shard ID None websocket alive with sequence 31.
2021-03-08 03:08:01,114:DEBUG:discord.client: Dispatching event socket_raw_receive
2021-03-08 03:08:01,114:DEBUG:discord.gateway: For Shard ID None: WebSocket Event: {'t': None, 's': None, 'op': 11, 'd': None}
2021-03-08 03:08:01,114:DEBUG:discord.client: Dispatching event socket_response
2021-03-08 03:08:42,318:DEBUG:discord.gateway: Keeping shard ID None websocket alive with sequence 31.
2021-03-08 03:08:42,367:DEBUG:discord.client: Dispatching event socket_raw_receive
2021-03-08 03:08:42,368:DEBUG:discord.gateway: For Shard ID None: WebSocket Event: {'t': None, 's': None, 'op': 11, 'd': None}
2021-03-08 03:08:42,368:DEBUG:discord.client: Dispatching event socket_response
2021-03-08 03:09:23,570:DEBUG:discord.gateway: Keeping shard ID None websocket alive with sequence 31.
2021-03-08 03:09:23,616:DEBUG:discord.client: Dispatching event socket_raw_receive
2021-03-08 03:09:23,616:DEBUG:discord.gateway: For Shard ID None: WebSocket Event: {'t': None, 's': None, 'op': 11, 'd': None}
2021-03-08 03:09:23,617:DEBUG:discord.client: Dispatching event socket_response
2021-03-08 03:10:04,825:DEBUG:discord.gateway: Keeping shard ID None websocket alive with sequence 31.
2021-03-08 03:10:04,867:DEBUG:discord.client: Dispatching event socket_raw_receive
2021-03-08 03:10:04,868:DEBUG:discord.gateway: For Shard ID None: WebSocket Event: {'t': None, 's': None, 'op': 11, 'd': None}
2021-03-08 03:10:04,868:DEBUG:discord.client: Dispatching event socket_response
2021-03-08 03:10:46,077:DEBUG:discord.gateway: Keeping shard ID None websocket alive with sequence 31.
2021-03-08 03:10:46,123:DEBUG:discord.client: Dispatching event socket_raw_receive
2021-03-08 03:10:46,124:DEBUG:discord.gateway: For Shard ID None: WebSocket Event: {'t': None, 's': None, 'op': 11, 'd': None}
2021-03-08 03:10:46,124:DEBUG:discord.client: Dispatching event socket_response
2021-03-08 03:11:17,238:DEBUG:discord.client: Dispatching event socket_raw_receive
2021-03-08 03:11:17,239:DEBUG:discord.gateway: For Shard ID None: WebSocket Event: {'t': 'PRESENCE_UPDATE', 's': 32, 'op': 0, 'd': {'user': {'username': 'Hyperflow', 'id': '513511807776719007', 'discriminator': '4787', 'avatar': '7cf0c6244f8283e1bdcafb6411c3c049'}, 'status': 'online', 'roles': ['737399313164009585', '737401612858949653'], 'guild_id': '500444024725962765', 'game': None, 'client_status': {'mobile': 'online'}, 'activities': []}}
2021-03-08 03:11:17,240:DEBUG:discord.client: Dispatching event socket_response
2021-03-08 03:11:17,240:DEBUG:discord.client: Dispatching event member_update
2021-03-08 03:11:18,471:DEBUG:discord.client: Dispatching event socket_raw_receive
2021-03-08 03:11:18,472:DEBUG:discord.gateway: For Shard ID None: WebSocket Event: {'t': 'CHANNEL_CREATE', 's': 33, 'op': 0, 'd': {'type': 1, 'recipients': [{'username': 'Hyperflow', 'public_flags': 0, 'id': '513511807776719007', 'discriminator': '4787', 'avatar': '7cf0c6244f8283e1bdcafb6411c3c049'}], 'last_message_id': '818319944575746098', 'id': '818307998727274506'}}
2021-03-08 03:11:18,472:DEBUG:discord.client: Dispatching event socket_response
2021-03-08 03:11:18,472:DEBUG:discord.client: Dispatching event socket_raw_receive
2021-03-08 03:11:18,473:DEBUG:discord.gateway: For Shard ID None: WebSocket Event: {'t': 'MESSAGE_CREATE', 's': 34, 'op': 0, 'd': {'type': 0, 'tts': False, 'timestamp': '2021-03-08T03:11:18.436000+00:00', 'referenced_message': None, 'pinned': False, 'mentions': [], 'mention_roles': [], 'mention_everyone': False, 'id': '818319944575746098', 'flags': 0, 'embeds': [], 'edited_timestamp': None, 'content': 'When Chuck Norris runs his finger around the rim of a crystal glass, every dog within a four-mile radius explodes.', 'channel_id': '818307998727274506', 'author': {'username': 'Charlie Bot', 'public_flags': 0, 'id': '818242638829715516', 'discriminator': '5225', 'bot': True, 'avatar': 'b0d876da08aab5cab18579d93cb621d7'}, 'attachments': []}}
2021-03-08 03:11:18,473:DEBUG:discord.client: Dispatching event socket_response
2021-03-08 03:11:18,474:DEBUG:discord.client: Dispatching event message
2021-03-08 03:11:18,480:DEBUG:discord.http: POST https://discord.com/api/v7/channels/818307998727274506/messages with {"content":"When Chuck Norris runs his finger around the rim of a crystal glass, every dog within a four-mile radius explodes."} has returned 200
2021-03-08 03:11:18,481:DEBUG:discord.http: POST https://discord.com/api/v7/channels/818307998727274506/messages has received {'id': '818319944575746098', 'type': 0, 'content': 'When Chuck Norris runs his finger around the rim of a crystal glass, every dog within a four-mile radius explodes.', 'channel_id': '818307998727274506', 'author': {'id': '818242638829715516', 'username': 'Charlie Bot', 'avatar': 'b0d876da08aab5cab18579d93cb621d7', 'discriminator': '5225', 'public_flags': 0, 'bot': True}, 'attachments': [], 'embeds': [], 'mentions': [], 'mention_roles': [], 'pinned': False, 'mention_everyone': False, 'tts': False, 'timestamp': '2021-03-08T03:11:18.436000+00:00', 'edited_timestamp': None, 'flags': 0, 'referenced_message': None}
2021-03-08 03:11:27,328:DEBUG:discord.gateway: Keeping shard ID None websocket alive with sequence 34.
2021-03-08 03:11:27,376:DEBUG:discord.client: Dispatching event socket_raw_receive
2021-03-08 03:11:27,377:DEBUG:discord.gateway: For Shard ID None: WebSocket Event: {'t': None, 's': None, 'op': 11, 'd': None}
2021-03-08 03:11:27,377:DEBUG:discord.client: Dispatching event socket_response
2021-03-08 03:11:43,835:DEBUG:discord.client: Dispatching event socket_raw_receive
2021-03-08 03:11:43,835:DEBUG:discord.gateway: For Shard ID None: WebSocket Event: {'t': 'MESSAGE_CREATE', 's': 35, 'op': 0, 'd': {'type': 0, 'tts': False, 'timestamp': '2021-03-08T03:11:43.756000+00:00', 'referenced_message': None, 'pinned': False, 'nonce': '818320050481004544', 'mentions': [], 'mention_roles': [], 'mention_everyone': False, 'member': {'roles': [], 'premium_since': None, 'pending': False, 'nick': None, 'mute': False, 'joined_at': '2021-03-08T03:03:31.162372+00:00', 'is_pending': False, 'hoisted_role': None, 'deaf': False}, 'id': '818320050774605865', 'flags': 0, 'embeds': [], 'edited_timestamp': None, 'content': 'hello', 'channel_id': '500444025199788053', 'author': {'username': 'Astronauta', 'public_flags': 0, 'id': '520328413194747905', 'discriminator': '2298', 'avatar': None}, 'attachments': [], 'guild_id': '500444024725962765'}}
2021-03-08 03:11:43,835:DEBUG:discord.client: Dispatching event socket_response
2021-03-08 03:11:43,836:DEBUG:discord.client: Dispatching event message
2021-03-08 03:12:08,580:DEBUG:discord.gateway: Keeping shard ID None websocket alive with sequence 35.
2021-03-08 03:12:08,624:DEBUG:discord.client: Dispatching event socket_raw_receive
2021-03-08 03:12:08,624:DEBUG:discord.gateway: For Shard ID None: WebSocket Event: {'t': None, 's': None, 'op': 11, 'd': None}
2021-03-08 03:12:08,624:DEBUG:discord.client: Dispatching event socket_response
2021-03-08 03:12:49,831:DEBUG:discord.gateway: Keeping shard ID None websocket alive with sequence 35.
2021-03-08 03:12:49,885:DEBUG:discord.client: Dispatching event socket_raw_receive
2021-03-08 03:12:49,886:DEBUG:discord.gateway: For Shard ID None: WebSocket Event: {'t': None, 's': None, 'op': 11, 'd': None}
2021-03-08 03:12:49,886:DEBUG:discord.client: Dispatching event socket_response
2021-03-08 03:13:31,083:DEBUG:discord.gateway: Keeping shard ID None websocket alive with sequence 35.
2021-03-08 03:13:31,142:DEBUG:discord.client: Dispatching event socket_raw_receive
2021-03-08 03:13:31,143:DEBUG:discord.gateway: For Shard ID None: WebSocket Event: {'t': None, 's': None, 'op': 11, 'd': None}
2021-03-08 03:13:31,143:DEBUG:discord.client: Dispatching event socket_response
2021-03-08 03:13:58,405:DEBUG:discord.client: Dispatching event socket_raw_receive
2021-03-08 03:13:58,405:DEBUG:discord.gateway: For Shard ID None: WebSocket Event: {'t': 'PRESENCE_UPDATE', 's': 36, 'op': 0, 'd': {'user': {'id': '513511807776719007'}, 'status': 'offline', 'roles': ['737399313164009585', '737401612858949653'], 'guild_id': '500444024725962765', 'game': None, 'client_status': {}, 'activities': []}}
2021-03-08 03:13:58,406:DEBUG:discord.client: Dispatching event socket_response
2021-03-08 03:13:58,406:DEBUG:discord.client: Dispatching event member_update
2021-03-08 03:13:59,162:DEBUG:discord.client: Dispatching event socket_raw_receive
2021-03-08 03:13:59,163:DEBUG:discord.gateway: For Shard ID None: WebSocket Event: {'t': 'CHANNEL_CREATE', 's': 37, 'op': 0, 'd': {'type': 1, 'recipients': [{'username': 'Hyperflow', 'public_flags': 0, 'id': '513511807776719007', 'discriminator': '4787', 'avatar': '7cf0c6244f8283e1bdcafb6411c3c049'}], 'last_message_id': '818320618537615380', 'id': '818307998727274506'}}
2021-03-08 03:13:59,163:DEBUG:discord.client: Dispatching event socket_response
2021-03-08 03:13:59,169:DEBUG:discord.http: POST https://discord.com/api/v7/channels/818307998727274506/messages with {"content":"Scientist have tried to come up with a theory for how Chuck Norris came to be... we now know this theory as the \"Big Bang\""} has returned 200
2021-03-08 03:13:59,170:DEBUG:discord.http: POST https://discord.com/api/v7/channels/818307998727274506/messages has received {'id': '818320618537615380', 'type': 0, 'content': 'Scientist have tried to come up with a theory for how Chuck Norris came to be... we now know this theory as the "Big Bang"', 'channel_id': '818307998727274506', 'author': {'id': '818242638829715516', 'username': 'Charlie Bot', 'avatar': 'b0d876da08aab5cab18579d93cb621d7', 'discriminator': '5225', 'public_flags': 0, 'bot': True}, 'attachments': [], 'embeds': [], 'mentions': [], 'mention_roles': [], 'pinned': False, 'mention_everyone': False, 'tts': False, 'timestamp': '2021-03-08T03:13:59.121000+00:00', 'edited_timestamp': None, 'flags': 0, 'referenced_message': None}
2021-03-08 03:13:59,172:DEBUG:discord.client: Dispatching event socket_raw_receive
2021-03-08 03:13:59,172:DEBUG:discord.gateway: For Shard ID None: WebSocket Event: {'t': 'MESSAGE_CREATE', 's': 38, 'op': 0, 'd': {'type': 0, 'tts': False, 'timestamp': '2021-03-08T03:13:59.121000+00:00', 'referenced_message': None, 'pinned': False, 'mentions': [], 'mention_roles': [], 'mention_everyone': False, 'id': '818320618537615380', 'flags': 0, 'embeds': [], 'edited_timestamp': None, 'content': 'Scientist have tried to come up with a theory for how Chuck Norris came to be... we now know this theory as the "Big Bang"', 'channel_id': '818307998727274506', 'author': {'username': 'Charlie Bot', 'public_flags': 0, 'id': '818242638829715516', 'discriminator': '5225', 'bot': True, 'avatar': 'b0d876da08aab5cab18579d93cb621d7'}, 'attachments': []}}
2021-03-08 03:13:59,172:DEBUG:discord.client: Dispatching event socket_response
2021-03-08 03:13:59,173:DEBUG:discord.client: Dispatching event message
2021-03-08 03:14:12,335:DEBUG:discord.gateway: Keeping shard ID None websocket alive with sequence 38.
2021-03-08 03:14:12,380:DEBUG:discord.client: Dispatching event socket_raw_receive
2021-03-08 03:14:12,381:DEBUG:discord.gateway: For Shard ID None: WebSocket Event: {'t': None, 's': None, 'op': 11, 'd': None}
2021-03-08 03:14:12,381:DEBUG:discord.client: Dispatching event socket_response
